cadroid/app/build/outputs/mapping/release/seeds.txt
com.huangyx.ca.R$drawable
com.huangyx.ca.script.RhinoWebView
com.huangyx.ca.GameBridgeService
com.huangyx.ca.PermissionRequestActivity$Callback
com.huangyx.ca.script.RhinoWebSocketServerHelper
com.huangyx.ca.ForegroundTaskActivity$Delegee
com.huangyx.ca.script.RhinoWebSocketClientHelper
com.huangyx.ca.script.RhinoFrameLayout
com.huangyx.ca.R$style
com.huangyx.ca.ScriptTileService$TileConfig
com.huangyx.ca.script.RhinoWebView$Delegee
com.huangyx.ca.SplashActivity
com.huangyx.ca.ScriptService
com.huangyx.ca.ScriptTileService
com.huangyx.ca.R$mipmap
com.huangyx.ca.UnsafeFileProvider
com.huangyx.ca.ForegroundTaskActivity
com.huangyx.ca.BootReceiver
com.huangyx.ca.EditCommandActivity
com.huangyx.ca.MainActivity
com.huangyx.ca.AddLibraryActivity
com.huangyx.ca.AccessibilitySvc
com.huangyx.ca.R$layout
com.huangyx.ca.R$xml
com.huangyx.ca.MCAdapter
com.huangyx.ca.ScriptInterface$Bridge
com.huangyx.ca.R$id
com.huangyx.ca.BugReportActivity
com.huangyx.ca.ReturnDataActivity
com.huangyx.ca.script.RhinoWebSocketClientHelper$DelegateInterface
com.huangyx.ca.UriActionActivity
com.huangyx.ca.ScriptActionService
com.huangyx.ca.XApplication
com.huangyx.ca.PermissionRequestActivity
com.huangyx.ca.script.RhinoWebSocketServerHelper$DelegateInterface
com.huangyx.ca.script.RhinoFrameLayout$Callback
com.huangyx.ca.R
com.huangyx.ca.ScriptInterface
com.huangyx.ca.R$string
com.huangyx.ca.R$drawable: int tile_icon
com.huangyx.ca.R$drawable: int icon
com.huangyx.ca.ScriptInterface: java.lang.String ACTION_DEBUG_EXEC
com.huangyx.ca.R$string: int addlib_name
com.huangyx.ca.R$style: int AppTheme
com.huangyx.ca.ScriptInterface: java.lang.String ACTION_START_FROM_SHORTCUT
com.huangyx.ca.ScriptTileService$TileConfig: java.lang.CharSequence label
com.huangyx.ca.R$string: int as_description
com.huangyx.ca.R$id: int skipView
com.huangyx.ca.script.RhinoFrameLayout: int RETURN_FALSE
com.huangyx.ca.R$string: int app_name
com.huangyx.ca.ScriptInterface: java.lang.String ACTION_START_ON_BOOT
com.huangyx.ca.R$mipmap: int icon_small
com.huangyx.ca.R$id: int secondsLeft
com.huangyx.ca.ScriptInterface: java.lang.String ACTION_START_FROM_QS_TILE
com.huangyx.ca.script.RhinoFrameLayout: int RETURN_TRUE
com.huangyx.ca.script.RhinoFrameLayout: int DIRECTION_TOP
com.huangyx.ca.ScriptInterface: java.lang.String ACTION_SCRIPT_ACTION
com.huangyx.ca.R$id: int adContainer
com.huangyx.ca.R$string: int default_loading_tip
com.huangyx.ca.R$xml: int accessible_service_config
com.huangyx.ca.ScriptTileService$TileConfig: int STATE_ACTIVE
com.huangyx.ca.R$string: int ad_seconds_left
com.huangyx.ca.script.RhinoFrameLayout: int RETURN_DEFAULT
com.huangyx.ca.script.RhinoFrameLayout: int DIRECTION_ALL
com.huangyx.ca.R$style: int AppTheme_Translucent
com.huangyx.ca.ScriptInterface: java.lang.String ACTION_EDIT_COMMAND
com.huangyx.ca.ScriptTileService$TileConfig: int STATE_INACTIVE
com.huangyx.ca.ScriptInterface: java.lang.String ACTION_URI_ACTION
com.huangyx.ca.ScriptTileService$TileConfig: int state
com.huangyx.ca.ScriptInterface: java.lang.String ACTION_ADD_LIBRARY
com.huangyx.ca.ScriptTileService$TileConfig: int STATE_UNAVAILABLE
com.huangyx.ca.R$string: int skip_ad_text
com.huangyx.ca.script.RhinoFrameLayout: int DIRECTION_RIGHT
com.huangyx.ca.script.RhinoFrameLayout: int DIRECTION_BOTTOM
com.huangyx.ca.R$id: int loadingTitle
com.huangyx.ca.R$layout: int main
com.huangyx.ca.ScriptTileService$TileConfig: java.lang.CharSequence subtitle
com.huangyx.ca.ScriptInterface: java.lang.String ACTION_START_FROM_BACKGROUND
com.huangyx.ca.script.RhinoFrameLayout: int DIRECTION_LEFT
com.huangyx.ca.R$string: int editcmd_name
com.huangyx.ca.script.RhinoWebView$Delegee: void onPageStarted(android.webkit.WebView,java.lang.String,android.graphics.Bitmap)
com.huangyx.ca.script.RhinoWebView$Delegee: void onRequestFocus(android.webkit.WebView)
com.huangyx.ca.script.RhinoWebSocketServerHelper: void onClose(org.java_websocket.WebSocket,int,java.lang.String,boolean)
...
org.mozilla.javascript.NativeJSON: java.lang.Object parse(org.mozilla.javascript.Context,org.mozilla.javascript.Scriptable,java.lang.String)
org.mozilla.javascript.regexp.RegExpImpl: int find_split(org.mozilla.javascript.Context,org.mozilla.javascript.Scriptable,java.lang.String,java.lang.String,org.mozilla.javascript.Scriptable,int[],int[],boolean[],java.lang.String[][])
org.mozilla.javascript.Node: org.mozilla.javascript.Node newString(int,java.lang.String)
org.mozilla.classfile.ClassFileWriter$StackMapTable: void executeWorkList()
org.mozilla.javascript.NativeString: java.lang.CharSequence js_raw(org.mozilla.javascript.Context,org.mozilla.javascript.Scriptable,java.lang.Object[])
org.mozilla.javascript.NativeArray: void deleteElem(org.mozilla.javascript.Scriptable,long)
org.mozilla.javascript.typedarrays.NativeUint32Array: org.mozilla.javascript.typedarrays.NativeUint32Array construct(org.mozilla.javascript.typedarrays.NativeArrayBuffer,int,int)
org.mozilla.javascript.regexp.RegExpImpl: org.mozilla.javascript.regexp.SubString getParenSubString(int)
org.mozilla.javascript.Parser: org.mozilla.javascript.ast.AstNode expExpr()
org.mozilla.javascript.ScriptRuntime: org.mozilla.javascript.EcmaError rangeErrorById(java.lang.String,java.lang.Object[])
org.mozilla.javascript.NativeString: org.mozilla.javascript.ScriptableObject defaultIndexPropertyDescriptor(java.lang.Object)
org.mozilla.javascript.ImporterTopLevel: ImporterTopLevel(org.mozilla.javascript.Context,boolean)
org.mozilla.javascript.optimizer.Codegen: java.lang.String getSourcePositionFromStack(org.mozilla.javascript.Context,int[])
org.mozilla.javascript.Parser: void arrowFunctionParams(org.mozilla.javascript.ast.FunctionNode,org.mozilla.javascript.ast.AstNode,java.util.Map,java.util.Set)
org.mozilla.javascript.EmbeddedSlotMap: org.mozilla.javascript.Slot modify(java.lang.Object,int,int)
org.mozilla.classfile.ConstantPool: int addConstant(double)
org.mozilla.javascript.IteratorLikeIterable$Itr: IteratorLikeIterable$Itr(org.mozilla.javascript.IteratorLikeIterable)
org.mozilla.javascript.ast.ParseProblem: void setSourceName(java.lang.String)
org.mozilla.javascript.xmlimpl.XmlNode$QName: boolean equals(java.lang.String,java.lang.String)
org.mozilla.javascript.NativeWith: java.lang.Object getDefaultValue(java.lang.Class)
org.mozilla.javascript.LambdaConstructor: java.lang.Object call(org.mozilla.javascript.Context,org.mozilla.javascript.Scriptable,org.mozilla.javascript.Scriptable,java.lang.Object[])
org.mozilla.javascript.xmlimpl.XmlNode$QName: void lookupPrefix(org.w3c.dom.Node)
org.mozilla.javascript.EmbeddedSlotMap: EmbeddedSlotMap()
org.java_websocket.exceptions.LimitExceededException: LimitExceededException(int)
org.mozilla.javascript.IdScriptableObject$PrototypeValues: boolean has(int)
org.mozilla.javascript.ObjArray: void toArray(java.lang.Object[],int)
org.java_websocket.client.WebSocketClient: void send(java.nio.ByteBuffer)
org.mozilla.javascript.NativeWith: void setParentScope(org.mozilla.javascript.Scriptable)
org.mozilla.javascript.Interpreter: org.mozilla.javascript.Interpreter$CallFrame initFrameForNoSuchMethod(org.mozilla.javascript.Context,org.mozilla.javascript.Interpreter$CallFrame,int,java.lang.Object[],double[],int,int,org.mozilla.javascript.Scriptable,org.mozilla.javascript.Scriptable,org.mozilla.javascript.ScriptRuntime$NoSuchMethodShim,org.mozilla.javascript.InterpretedFunction)
org.mozilla.javascript.xmlimpl.XmlProcessor: void setIgnoreComments(boolean)
org.mozilla.javascript.UintMap: void remove(int)
org.mozilla.javascript.ScriptStackElement: void appendV8Location(java.lang.StringBuilder)
org.mozilla.javascript.commonjs.module.provider.CachingModuleScriptProviderBase: java.lang.Object getValidator(org.mozilla.javascript.commonjs.module.provider.CachingModuleScriptProviderBase$CachedModuleScript)
org.mozilla.javascript.Parser$ConditionData: Parser$ConditionData()