cadroid/app/build/outputs/mapping/release/mapping.txt
# compiler: R8
# compiler_version: 3.3.83
# min_api: 19
# common_typos_disable
# {"id":"com.android.tools.r8.mapping","version":"2.0"}
# pg_map_id: 3c41446
# pg_map_hash: SHA-256 3c414461e17f324ee0da427240669d400deb10b45e882884b9288bd4ef936d40
com.huangyx.ca.AccessibilitySvc -> com.huangyx.ca.AccessibilitySvc:
    com.huangyx.ca.AccessibilitySvc$ServiceLifeCycleListener mLifeCycleListener -> b
    java.lang.ref.WeakReference instance -> a
    com.huangyx.ca.AccessibilitySvc getInstance() -> a
    void goToAccessibilitySetting(android.content.Context) -> b
    void notifyKeyEvent(android.view.KeyEvent) -> c
    void setLifeCycleListener(com.huangyx.ca.AccessibilitySvc$ServiceLifeCycleListener) -> d
com.huangyx.ca.AccessibilitySvc$ServiceLifeCycleListener -> com.huangyx.ca.AccessibilitySvc$a:
    void onCreate() -> b
    void onDestroy() -> e
com.huangyx.ca.AdProvider -> com.huangyx.ca.a:
    com.huangyx.ca.AdProvider$ADListener mADListener -> a
    java.lang.String mMessage -> i
    java.lang.ref.WeakReference mActivity -> j
    com.huangyx.ca.AdProvider sInstance -> m
    long mPresentTime -> f
    com.huangyx.ca.AdProvider$Listener mListener -> k
    int mPresentDuration -> g
    com.huangyx.ca.AdProvider$OnCompleteListener mOnCompleteListener -> l
    boolean mDispatchWhenResume -> e
    boolean mAutoSkip -> h
    boolean mPaid -> b
    boolean mCompleted -> c
    boolean mPaused -> d
    int access$002(com.huangyx.ca.AdProvider,int) -> a
    long access$100(com.huangyx.ca.AdProvider) -> b
    boolean access$200(com.huangyx.ca.AdProvider) -> c
    boolean access$302(com.huangyx.ca.AdProvider,boolean) -> d
    void access$400(com.huangyx.ca.AdProvider,boolean,java.lang.String) -> e
    com.huangyx.ca.AdProvider$Listener access$500(com.huangyx.ca.AdProvider) -> f
    void dispatchComplete(boolean,java.lang.String) -> g
    void dispatchCompleteCheckSkip(boolean,java.lang.String) -> h
    com.huangyx.ca.AdProvider getInstance() -> i
    boolean isCompleted() -> j
    void pause() -> k
    void prepare(android.app.Activity,android.view.ViewGroup,android.view.View,com.huangyx.ca.AdProvider$Listener) -> l
    void release() -> m
    void reportError(int,java.lang.String) -> n
    void resume() -> o
    void runAfterComplete(com.huangyx.ca.AdProvider$OnCompleteListener) -> p
com.huangyx.ca.AdProvider$ADListener -> com.huangyx.ca.a$a:
    com.huangyx.ca.AdProvider this$0 -> a
    void onADDismissed() -> a
com.huangyx.ca.AdProvider$Listener -> com.huangyx.ca.a$b:
    void onComplete() -> a
com.huangyx.ca.AdProvider$OnCompleteListener -> com.huangyx.ca.a$c:
    void onComplete(com.huangyx.ca.AdProvider,boolean,java.lang.String) -> d
com.huangyx.ca.AddLibraryActivity -> com.huangyx.ca.AddLibraryActivity:
    void processIntent() -> a
com.huangyx.ca.BugReportActivity -> com.huangyx.ca.BugReportActivity:
    void $r8$lambda$AtAp1q1AD-QiILMMJSyPNNEPVp0(com.huangyx.ca.BugReportActivity,android.content.DialogInterface,int) -> a
      # {"id":"com.android.tools.r8.synthesized"}
    void $r8$lambda$Lmj_FoyZhlINXmQK6AVlNSCahtg(com.huangyx.ca.BugReportActivity,int,android.content.DialogInterface,int) -> b
      # {"id":"com.android.tools.r8.synthesized"}
    void $r8$lambda$p8V4cDJ6g4Igbfy8p-WTqCKYPWk(com.huangyx.ca.BugReportActivity,java.lang.String,android.content.DialogInterface,int) -> c
      # {"id":"com.android.tools.r8.synthesized"}
    android.content.Intent createIntent(android.content.Context,java.lang.String,int) -> d
    void lambda$onCreate$0(java.lang.String,android.content.DialogInterface,int) -> e
    void lambda$onCreate$1(android.content.DialogInterface,int) -> f
    void lambda$onCreate$2(int,android.content.DialogInterface,int) -> g
    void setClipText(java.lang.String) -> h
...
com.android.dex.EncodedValueCodec -> a.k:
    int readSignedInt(com.android.dex.util.ByteInput,int) -> a
    long readSignedLong(com.android.dex.util.ByteInput,int) -> b
    int readUnsignedInt(com.android.dex.util.ByteInput,int,boolean) -> c
    long readUnsignedLong(com.android.dex.util.ByteInput,int,boolean) -> d
    void writeRightZeroExtendedValue(com.android.dex.util.ByteOutput,int,long) -> e
    void writeSignedIntegralValue(com.android.dex.util.ByteOutput,int,long) -> f
    void writeUnsignedIntegralValue(com.android.dex.util.ByteOutput,int,long) -> g
com.android.dex.EncodedValueReader -> a.l:
    com.android.dex.util.ByteInput in -> a
    int arg -> d
    int type -> b
    int annotationType -> c
    void checkType(int) -> a
    int getAnnotationType() -> b
    int peek() -> c
    int readAnnotation() -> d
    int readAnnotationName() -> e
    int readArray() -> f
    boolean readBoolean() -> g
    byte readByte() -> h
    char readChar() -> i
    double readDouble() -> j
    int readEnum() -> k
    int readField() -> l
    float readFloat() -> m
    int readInt() -> n
    long readLong() -> o
    int readMethod() -> p
    int readMethodHandle() -> q
    int readMethodType() -> r
    void readNull() -> s
    short readShort() -> t
    int readString() -> u
    int readType() -> v
    void skipValue() -> w
com.android.dex.FieldId -> a.m:
    int nameIndex -> d
    int declaringClassIndex -> b
    int typeIndex -> c
    com.android.dex.Dex dex -> a
    int compareTo(com.android.dex.FieldId) -> a
    int getDeclaringClassIndex() -> b
    int getNameIndex() -> c
    int getTypeIndex() -> d
    void writeTo(com.android.dex.Dex$Section) -> e
com.android.dex.Leb128 -> a.n:
    int readSignedLeb128(com.android.dex.util.ByteInput) -> a
    int readUnsignedLeb128(com.android.dex.util.ByteInput) -> b
    int unsignedLeb128Size(int) -> c
    void writeSignedLeb128(com.android.dex.util.ByteOutput,int) -> d
    void writeUnsignedLeb128(com.android.dex.util.ByteOutput,int) -> e
com.android.dex.MethodHandle -> a.o:
    com.android.dex.MethodHandle$MethodHandleType methodHandleType -> b
    int fieldOrMethodId -> d
    int unused2 -> e
    int unused1 -> c
    com.android.dex.Dex dex -> a
    int compareTo(com.android.dex.MethodHandle) -> a
    int getFieldOrMethodId() -> b
    com.android.dex.MethodHandle$MethodHandleType getMethodHandleType() -> c
    int getUnused1() -> d
    int getUnused2() -> e
    void writeTo(com.android.dex.Dex$Section) -> f
com.android.dex.MethodHandle$1 -> a.o$a:
    int[] $SwitchMap$com$android$dex$MethodHandle$MethodHandleType -> a
com.android.dex.MethodHandle$MethodHandleType -> a.o$b:
    com.android.dex.MethodHandle$MethodHandleType METHOD_HANDLE_TYPE_STATIC_GET -> c
    com.android.dex.MethodHandle$MethodHandleType METHOD_HANDLE_TYPE_STATIC_PUT -> b
    com.android.dex.MethodHandle$MethodHandleType METHOD_HANDLE_TYPE_INVOKE_INSTANCE -> g
    com.android.dex.MethodHandle$MethodHandleType METHOD_HANDLE_TYPE_INVOKE_STATIC -> f
    com.android.dex.MethodHandle$MethodHandleType METHOD_HANDLE_TYPE_INSTANCE_GET -> e
    com.android.dex.MethodHandle$MethodHandleType METHOD_HANDLE_TYPE_INSTANCE_PUT -> d
    com.android.dex.MethodHandle$MethodHandleType[] $VALUES -> k
    com.android.dex.MethodHandle$MethodHandleType METHOD_HANDLE_TYPE_INVOKE_INTERFACE -> j
    com.android.dex.MethodHandle$MethodHandleType METHOD_HANDLE_TYPE_INVOKE_CONSTRUCTOR -> i
    int value -> a
    com.android.dex.MethodHandle$MethodHandleType METHOD_HANDLE_TYPE_INVOKE_DIRECT -> h
    int access$000(com.android.dex.MethodHandle$MethodHandleType) -> a
    com.android.dex.MethodHandle$MethodHandleType fromValue(int) -> b
    boolean isField() -> c