cadroid/app/build/outputs/mapping/release/usage.txt
com.huangyx.ca.AdProvider$Listener:
    public abstract void onPresent()
    public abstract void onTick(int)
com.huangyx.ca.AdProvider$SkipChecker
com.huangyx.ca.AdProvider:
    static synthetic boolean access$602(com.huangyx.ca.AdProvider,boolean)
    public int getPresentDuration()
    public void prepare(android.app.Activity,android.view.ViewGroup)
    public void prepare(android.app.Activity,android.view.ViewGroup,android.view.View)
com.huangyx.ca.BuildConfig
com.huangyx.ca.Preference:
    public static final java.lang.String PREFERENCE_NAME
    public static final java.lang.String SETTING_FIRST_RUN
    public static final java.lang.String SETTING_HIDE_NOTIFICATION
    public static final java.lang.String SETTING_HIDE_SPLASH
    public static final java.lang.String SETTING_START_ON_BOOT
    public static final java.lang.String SETTING_USER_ID
    public boolean checkFirstRun()
com.huangyx.ca.ReturnDataActivity:
    public static final java.lang.String EXTRA_INTENT
    public static final java.lang.String EXTRA_REQUEST_CODE
com.huangyx.ca.ScriptFileStream$EncryptedInputStream
com.huangyx.ca.ScriptFileStream$ICodeInputStream:
    private static final int VERSION
com.huangyx.ca.ScriptFileStream$ICodeOutputStream:
    private static final int VERSION
com.huangyx.ca.ScriptFileStream:
    private static byte[] getFileBytes(java.lang.String)
    private static int readIntLE(byte[],int)
    private static void verifyFile(java.lang.String,java.lang.String,byte[],int)
com.huangyx.ca.ScriptManager:
    public org.mozilla.javascript.Context getContext()
    public android.os.Handler getHandler()
    public org.mozilla.javascript.Scriptable getScope()
    public java.io.InputStream open(java.lang.String)
com.huangyx.ca.ScriptService:
    public static final java.lang.String ACTION_PREPARE
    public static final java.lang.String ACTION_RUN
    private static final java.lang.String DEFAULT_CHANNEL
com.huangyx.ca.ScriptTileService$UpdateTileCommand:
    static final int TYPE_CLICK
    static final int TYPE_UPDATE
com.huangyx.ca.SplashActivity$AdListener:
    public void onPresent()
    public void onTick(int)
com.huangyx.ca.UnsafeFileProvider:
    private static final java.lang.String authority
com.huangyx.ca.XApplication:
    public static final java.lang.String TAG
com.huangyx.ca.script.ScriptObject
...
com.android.dx.command.dump.ClassDumper
com.android.dx.command.dump.DotDumper
com.android.dx.command.dump.Main
com.android.dx.command.dump.SsaDumper
com.android.dx.command.findusages.FindUsages$1
com.android.dx.command.findusages.FindUsages$2
com.android.dx.command.findusages.FindUsages
com.android.dx.command.findusages.Main
com.android.dx.command.grep.Grep$1
com.android.dx.command.grep.Grep
com.android.dx.command.grep.Main
com.android.dx.dex.DexOptions:
    public static final boolean ALIGN_64BIT_REGS_SUPPORT
    public void <init>(java.io.PrintStream)
com.android.dx.dex.cf.AttributeTranslator:
    private void <init>()
com.android.dx.dex.cf.CfTranslator:
    private static final boolean DEBUG
    private void <init>()
com.android.dx.dex.cf.CodeStatistics:
    private static final boolean DEBUG
    public void dumpStatistics(java.io.PrintStream)
com.android.dx.dex.cf.OptimizerOptions:
    public void compareOptimizerStep(com.android.dx.rop.code.RopMethod,int,boolean,com.android.dx.dex.cf.CfOptions,com.android.dx.rop.code.TranslationAdvice,com.android.dx.rop.code.RopMethod)
com.android.dx.dex.code.BlockAddresses:
    public com.android.dx.dex.code.CodeAddress getEnd(int)
    public com.android.dx.dex.code.CodeAddress getLast(int)
com.android.dx.dex.code.CatchHandlerList:
    public void set(int,com.android.dx.dex.code.CatchHandlerList$Entry)
com.android.dx.dex.code.CstInsn:
    public int getClassIndex()
    public boolean hasClassIndex()
com.android.dx.dex.code.DalvInsnList:
    public void debugPrint(java.io.OutputStream,java.lang.String,boolean)
    public void debugPrint(java.io.Writer,java.lang.String,boolean)
com.android.dx.dex.code.Dops:
    private void <init>()
com.android.dx.dex.code.InsnFormat:
    public static final boolean ALLOW_EXTENDED_OPCODES
    protected static int argIndex(com.android.dx.dex.code.DalvInsn)
    protected static short opcodeUnit(com.android.dx.dex.code.DalvInsn)
    protected static void write(com.android.dx.util.AnnotatedOutput,short,int,short)
    protected static void write(com.android.dx.util.AnnotatedOutput,short,int,short,short)
com.android.dx.dex.code.LocalList:
    private static final boolean DEBUG
    public void debugPrint(java.io.PrintStream,java.lang.String)
    private static void debugVerify(com.android.dx.dex.code.LocalList)
    private static void debugVerify0(com.android.dx.dex.code.LocalList)
com.android.dx.dex.code.MultiCstInsn:
    private static final int NOT_SET
    public int getClassIndex()
com.android.dx.dex.code.OutputFinisher:
    public void insert(int,com.android.dx.dex.code.DalvInsn)
com.android.dx.dex.code.PositionList:
    public static final int IMPORTANT
    public static final int LINES
    public static final int NONE
com.android.dx.dex.code.RopToDop:
    private void <init>()
com.android.dx.dex.code.StdCatchBuilder:
    private static final int MAX_CATCH_RANGE
com.android.dx.dex.code.form.Form35c:
    private static final int MAX_NUM_OPS
com.android.dx.dex.code.form.Form45cc:
    private static final int MAX_NUM_OPS
com.android.dx.dex.file.AnnotationItem:
    private static final int ALIGNMENT
    private static final int VISIBILITY_BUILD
    private static final int VISIBILITY_RUNTIME
    private static final int VISIBILITY_SYSTEM
com.android.dx.dex.file.AnnotationSetItem:
    private static final int ALIGNMENT
    private static final int ENTRY_WRITE_SIZE
    public com.android.dx.rop.annotation.Annotations getAnnotations()
com.android.dx.dex.file.AnnotationSetRefItem:
    private static final int ALIGNMENT
    private static final int WRITE_SIZE
com.android.dx.dex.file.AnnotationUtils:
    private void <init>()